Terminals unused in grammar

   RESERVED


Gramática

    0 $accept: Program $end

    1 Program: CLASS ID OBRACE CBRACE
    2        | CLASS ID OBRACE InitDeclaration CBRACE

    3 InitDeclaration: FieldDecl
    4                | MethodDecl
    5                | SEMI
    6                | InitDeclaration FieldDecl
    7                | InitDeclaration MethodDecl
    8                | InitDeclaration SEMI

    9 FieldDecl: PUBLIC STATIC Type ID SEMI
   10          | PUBLIC STATIC Type ID CommaID SEMI
   11          | error SEMI

   12 CommaID: COMMA ID
   13        | COMMA ID CommaID

   14 MethodDecl: PUBLIC STATIC MethodHeader MethodBody

   15 MethodHeader: Type ID OCURV FormalParams CCURV
   16             | Type ID OCURV CCURV
   17             | VOID ID OCURV FormalParams CCURV
   18             | VOID ID OCURV CCURV

   19 MethodBody: OBRACE CBRACE
   20           | OBRACE MethodParams CBRACE

   21 MethodParams: VarDecl
   22             | Statement
   23             | MethodParams VarDecl
   24             | MethodParams Statement

   25 FormalParams: ParamDecl

   26 ParamDecl: Type ID
   27          | Type ID CommaTypeID
   28          | STRING OSQUARE CSQUARE ID

   29 CommaTypeID: COMMA Type ID
   30            | COMMA Type ID CommaTypeID

   31 VarDecl: Type ID SEMI
   32        | Type ID VarBody SEMI

   33 VarBody: COMMA ID
   34        | COMMA ID VarBody

   35 Type: BOOL
   36     | INT
   37     | DOUBLE

   38 Statement: OBRACE StatementList CBRACE
   39          | IF OCURV Expr CCURV Statement
   40          | IF OCURV Expr CCURV Statement ELSE Statement
   41          | WHILE OCURV Expr CCURV Statement
   42          | DO Statement WHILE OCURV Expr CCURV SEMI
   43          | PRINT OCURV Expr CCURV SEMI
   44          | PRINT OCURV STRLIT CCURV SEMI
   45          | SEMI
   46          | Assignment SEMI
   47          | MethodInvocation SEMI
   48          | ParseArgs SEMI
   49          | RETURN SEMI
   50          | RETURN Expr SEMI
   51          | error SEMI

   52 StatementList: %empty
   53              | Statement StatementList

   54 Assignment: ID ASSIGN Expr

   55 MethodInvocation: ID OCURV CCURV
   56                 | ID OCURV Expr CCURV
   57                 | ID OCURV Expr CommaExpr CCURV
   58                 | ID OCURV error CCURV

   59 CommaExpr: COMMA Expr
   60          | CommaExpr COMMA Expr

   61 ParseArgs: PARSEINT OCURV ID OSQUARE Expr CSQUARE CCURV
   62          | PARSEINT OCURV error CCURV

   63 Expr: Assignment
   64     | ExprAux

   65 ExprAux: MethodInvocation
   66        | ParseArgs
   67        | ExprAux AND ExprAux
   68        | ExprAux OR ExprAux
   69        | ExprAux EQ ExprAux
   70        | ExprAux GEQ ExprAux
   71        | ExprAux GT ExprAux
   72        | ExprAux LEQ ExprAux
   73        | ExprAux LT ExprAux
   74        | ExprAux NEQ ExprAux
   75        | ExprAux PLUS ExprAux
   76        | ExprAux MINUS ExprAux
   77        | ExprAux STAR ExprAux
   78        | ExprAux DIV ExprAux
   79        | ExprAux MOD ExprAux
   80        | PLUS ExprAux
   81        | MINUS ExprAux
   82        | NOT ExprAux
   83        | ID
   84        | ID DOTLENGTH
   85        | OCURV Expr CCURV
   86        | BOOLLIT
   87        | DECLIT
   88        | REALLIT
   89        | OCURV error CCURV


Terminais, com as regras aonde aparecem

$end (0) 0
error (256) 11 51 58 62 89
PRECEDENCE (258)
STRLIT (259) 44
REALLIT (260) 88
DECLIT (261) 87
BOOLLIT (262) 86
ID (263) 1 2 9 10 12 13 15 16 17 18 26 27 28 29 30 31 32 33 34 54 55
    56 57 58 61 83 84
BOOL (264) 35
INT (265) 36
DOUBLE (266) 37
RESERVED (267)
CLASS (268) 1 2
DO (269) 42
DOTLENGTH (270) 84
ELSE (271) 40
IF (272) 39 40
PARSEINT (273) 61 62
PRINT (274) 43 44
PUBLIC (275) 9 10 14
RETURN (276) 49 50
STATIC (277) 9 10 14
STRING (278) 28
VOID (279) 17 18
WHILE (280) 41 42
OCURV (281) 15 16 17 18 39 40 41 42 43 44 55 56 57 58 61 62 85 89
CCURV (282) 15 16 17 18 39 40 41 42 43 44 55 56 57 58 61 62 85 89
OBRACE (283) 1 2 19 20 38
CBRACE (284) 1 2 19 20 38
OSQUARE (285) 28 61
CSQUARE (286) 28 61
AND (287) 67
OR (288) 68
LT (289) 73
GT (290) 71
EQ (291) 69
NEQ (292) 74
LEQ (293) 72
GEQ (294) 70
PLUS (295) 75 80
MINUS (296) 76 81
STAR (297) 77
DIV (298) 78
MOD (299) 79
NOT (300) 82
ASSIGN (301) 54
SEMI (302) 5 8 9 10 11 31 32 42 43 44 45 46 47 48 49 50 51
COMMA (303) 12 13 29 30 33 34 59 60
LOWER_THAN_ELSE (304)


Não-terminais, com as regras aonde aparecem

$accept (50)
    à esquerda: 0
Program (51)
    à esquerda: 1 2, à direita: 0
InitDeclaration (52)
    à esquerda: 3 4 5 6 7 8, à direita: 2 6 7 8
FieldDecl (53)
    à esquerda: 9 10 11, à direita: 3 6
CommaID (54)
    à esquerda: 12 13, à direita: 10 13
MethodDecl (55)
    à esquerda: 14, à direita: 4 7
MethodHeader (56)
    à esquerda: 15 16 17 18, à direita: 14
MethodBody (57)
    à esquerda: 19 20, à direita: 14
MethodParams (58)
    à esquerda: 21 22 23 24, à direita: 20 23 24
FormalParams (59)
    à esquerda: 25, à direita: 15 17
ParamDecl (60)
    à esquerda: 26 27 28, à direita: 25
CommaTypeID (61)
    à esquerda: 29 30, à direita: 27 30
VarDecl (62)
    à esquerda: 31 32, à direita: 21 23
VarBody (63)
    à esquerda: 33 34, à direita: 32 34
Type (64)
    à esquerda: 35 36 37, à direita: 9 10 15 16 26 27 29 30 31 32
Statement (65)
    à esquerda: 38 39 40 41 42 43 44 45 46 47 48 49 50 51, à direita:
    22 24 39 40 41 42 53
StatementList (66)
    à esquerda: 52 53, à direita: 38 53
Assignment (67)
    à esquerda: 54, à direita: 46 63
MethodInvocation (68)
    à esquerda: 55 56 57 58, à direita: 47 65
CommaExpr (69)
    à esquerda: 59 60, à direita: 57 60
ParseArgs (70)
    à esquerda: 61 62, à direita: 48 66
Expr (71)
    à esquerda: 63 64, à direita: 39 40 41 42 43 50 54 56 57 59 60
    61 85
ExprAux (72)
    à esquerda: 65 66 67 68 69 70 71 72 73 74 75 76 77 78 79 80 81
    82 83 84 85 86 87 88 89, à direita: 64 67 68 69 70 71 72 73 74
    75 76 77 78 79 80 81 82


Estado0

    0 $accept: . Program $end

    CLASS  fazer shift, e ir para o estado 1

    Program  ir para o estado 2


Estado1

    1 Program: CLASS . ID OBRACE CBRACE
    2        | CLASS . ID OBRACE InitDeclaration CBRACE

    ID  fazer shift, e ir para o estado 3


Estado2

    0 $accept: Program . $end

    $end  fazer shift, e ir para o estado 4


Estado3

    1 Program: CLASS ID . OBRACE CBRACE
    2        | CLASS ID . OBRACE InitDeclaration CBRACE

    OBRACE  fazer shift, e ir para o estado 5


Estado4

    0 $accept: Program $end .

    $default  aceite


Estado5

    1 Program: CLASS ID OBRACE . CBRACE
    2        | CLASS ID OBRACE . InitDeclaration CBRACE

    error   fazer shift, e ir para o estado 6
    PUBLIC  fazer shift, e ir para o estado 7
    CBRACE  fazer shift, e ir para o estado 8
    SEMI    fazer shift, e ir para o estado 9

    InitDeclaration  ir para o estado 10
    FieldDecl        ir para o estado 11
    MethodDecl       ir para o estado 12


Estado6

   11 FieldDecl: error . SEMI

    SEMI  fazer shift, e ir para o estado 13


Estado7

    9 FieldDecl: PUBLIC . STATIC Type ID SEMI
   10          | PUBLIC . STATIC Type ID CommaID SEMI
   14 MethodDecl: PUBLIC . STATIC MethodHeader MethodBody

    STATIC  fazer shift, e ir para o estado 14


Estado8

    1 Program: CLASS ID OBRACE CBRACE .

    $default  reduzir usando a regra 1 (Program)


Estado9

    5 InitDeclaration: SEMI .

    $default  reduzir usando a regra 5 (InitDeclaration)


Estado10

    2 Program: CLASS ID OBRACE InitDeclaration . CBRACE
    6 InitDeclaration: InitDeclaration . FieldDecl
    7                | InitDeclaration . MethodDecl
    8                | InitDeclaration . SEMI

    error   fazer shift, e ir para o estado 6
    PUBLIC  fazer shift, e ir para o estado 7
    CBRACE  fazer shift, e ir para o estado 15
    SEMI    fazer shift, e ir para o estado 16

    FieldDecl   ir para o estado 17
    MethodDecl  ir para o estado 18


Estado11

    3 InitDeclaration: FieldDecl .

    $default  reduzir usando a regra 3 (InitDeclaration)


Estado12

    4 InitDeclaration: MethodDecl .

    $default  reduzir usando a regra 4 (InitDeclaration)


Estado13

   11 FieldDecl: error SEMI .

    $default  reduzir usando a regra 11 (FieldDecl)


Estado14

    9 FieldDecl: PUBLIC STATIC . Type ID SEMI
   10          | PUBLIC STATIC . Type ID CommaID SEMI
   14 MethodDecl: PUBLIC STATIC . MethodHeader MethodBody

    BOOL    fazer shift, e ir para o estado 19
    INT     fazer shift, e ir para o estado 20
    DOUBLE  fazer shift, e ir para o estado 21
    VOID    fazer shift, e ir para o estado 22

    MethodHeader  ir para o estado 23
    Type          ir para o estado 24


Estado15

    2 Program: CLASS ID OBRACE InitDeclaration CBRACE .

    $default  reduzir usando a regra 2 (Program)


Estado16

    8 InitDeclaration: InitDeclaration SEMI .

    $default  reduzir usando a regra 8 (InitDeclaration)


Estado17

    6 InitDeclaration: InitDeclaration FieldDecl .

    $default  reduzir usando a regra 6 (InitDeclaration)


Estado18

    7 InitDeclaration: InitDeclaration MethodDecl .

    $default  reduzir usando a regra 7 (InitDeclaration)


Estado19

   35 Type: BOOL .

    $default  reduzir usando a regra 35 (Type)


Estado20

   36 Type: INT .

    $default  reduzir usando a regra 36 (Type)


Estado21

   37 Type: DOUBLE .

    $default  reduzir usando a regra 37 (Type)


Estado22

   17 MethodHeader: VOID . ID OCURV FormalParams CCURV
   18             | VOID . ID OCURV CCURV

    ID  fazer shift, e ir para o estado 25


Estado23

   14 MethodDecl: PUBLIC STATIC MethodHeader . MethodBody

    OBRACE  fazer shift, e ir para o estado 26

    MethodBody  ir para o estado 27


Estado24

    9 FieldDecl: PUBLIC STATIC Type . ID SEMI
   10          | PUBLIC STATIC Type . ID CommaID SEMI
   15 MethodHeader: Type . ID OCURV FormalParams CCURV
   16             | Type . ID OCURV CCURV

    ID  fazer shift, e ir para o estado 28


Estado25

   17 MethodHeader: VOID ID . OCURV FormalParams CCURV
   18             | VOID ID . OCURV CCURV

    OCURV  fazer shift, e ir para o estado 29


Estado26

   19 MethodBody: OBRACE . CBRACE
   20           | OBRACE . MethodParams CBRACE

    error     fazer shift, e ir para o estado 30
    ID        fazer shift, e ir para o estado 31
    BOOL      fazer shift, e ir para o estado 19
    INT       fazer shift, e ir para o estado 20
    DOUBLE    fazer shift, e ir para o estado 21
    DO        fazer shift, e ir para o estado 32
    IF        fazer shift, e ir para o estado 33
    PARSEINT  fazer shift, e ir para o estado 34
    PRINT     fazer shift, e ir para o estado 35
    RETURN    fazer shift, e ir para o estado 36
    WHILE     fazer shift, e ir para o estado 37
    OBRACE    fazer shift, e ir para o estado 38
    CBRACE    fazer shift, e ir para o estado 39
    SEMI      fazer shift, e ir para o estado 40

    MethodParams      ir para o estado 41
    VarDecl           ir para o estado 42
    Type              ir para o estado 43
    Statement         ir para o estado 44
    Assignment        ir para o estado 45
    MethodInvocation  ir para o estado 46
    ParseArgs         ir para o estado 47


Estado27

   14 MethodDecl: PUBLIC STATIC MethodHeader MethodBody .

    $default  reduzir usando a regra 14 (MethodDecl)


Estado28

    9 FieldDecl: PUBLIC STATIC Type ID . SEMI
   10          | PUBLIC STATIC Type ID . CommaID SEMI
   15 MethodHeader: Type ID . OCURV FormalParams CCURV
   16             | Type ID . OCURV CCURV

    OCURV  fazer shift, e ir para o estado 48
    SEMI   fazer shift, e ir para o estado 49
    COMMA  fazer shift, e ir para o estado 50

    CommaID  ir para o estado 51


Estado29

   17 MethodHeader: VOID ID OCURV . FormalParams CCURV
   18             | VOID ID OCURV . CCURV

    BOOL    fazer shift, e ir para o estado 19
    INT     fazer shift, e ir para o estado 20
    DOUBLE  fazer shift, e ir para o estado 21
    STRING  fazer shift, e ir para o estado 52
    CCURV   fazer shift, e ir para o estado 53

    FormalParams  ir para o estado 54
    ParamDecl     ir para o estado 55
    Type          ir para o estado 56


Estado30

   51 Statement: error . SEMI

    SEMI  fazer shift, e ir para o estado 57


Estado31

   54 Assignment: ID . ASSIGN Expr
   55 MethodInvocation: ID . OCURV CCURV
   56                 | ID . OCURV Expr CCURV
   57                 | ID . OCURV Expr CommaExpr CCURV
   58                 | ID . OCURV error CCURV

    OCURV   fazer shift, e ir para o estado 58
    ASSIGN  fazer shift, e ir para o estado 59


Estado32

   42 Statement: DO . Statement WHILE OCURV Expr CCURV SEMI

    error     fazer shift, e ir para o estado 30
    ID        fazer shift, e ir para o estado 31
    DO        fazer shift, e ir para o estado 32
    IF        fazer shift, e ir para o estado 33
    PARSEINT  fazer shift, e ir para o estado 34
    PRINT     fazer shift, e ir para o estado 35
    RETURN    fazer shift, e ir para o estado 36
    WHILE     fazer shift, e ir para o estado 37
    OBRACE    fazer shift, e ir para o estado 38
    SEMI      fazer shift, e ir para o estado 40

    Statement         ir para o estado 60
    Assignment        ir para o estado 45
    MethodInvocation  ir para o estado 46
    ParseArgs         ir para o estado 47


Estado33

   39 Statement: IF . OCURV Expr CCURV Statement
   40          | IF . OCURV Expr CCURV Statement ELSE Statement

    OCURV  fazer shift, e ir para o estado 61


Estado34

   61 ParseArgs: PARSEINT . OCURV ID OSQUARE Expr CSQUARE CCURV
   62          | PARSEINT . OCURV error CCURV

    OCURV  fazer shift, e ir para o estado 62


Estado35

   43 Statement: PRINT . OCURV Expr CCURV SEMI
   44          | PRINT . OCURV STRLIT CCURV SEMI

    OCURV  fazer shift, e ir para o estado 63


Estado36

   49 Statement: RETURN . SEMI
   50          | RETURN . Expr SEMI

    REALLIT   fazer shift, e ir para o estado 64
    DECLIT    fazer shift, e ir para o estado 65
    BOOLLIT   fazer shift, e ir para o estado 66
    ID        fazer shift, e ir para o estado 67
    PARSEINT  fazer shift, e ir para o estado 34
    OCURV     fazer shift, e ir para o estado 68
    PLUS      fazer shift, e ir para o estado 69
    MINUS     fazer shift, e ir para o estado 70
    NOT       fazer shift, e ir para o estado 71
    SEMI      fazer shift, e ir para o estado 72

    Assignment        ir para o estado 73
    MethodInvocation  ir para o estado 74
    ParseArgs         ir para o estado 75
    Expr              ir para o estado 76
    ExprAux           ir para o estado 77


Estado37

   41 Statement: WHILE . OCURV Expr CCURV Statement

    OCURV  fazer shift, e ir para o estado 78


Estado38

   38 Statement: OBRACE . StatementList CBRACE

    error     fazer shift, e ir para o estado 30
    ID        fazer shift, e ir para o estado 31
    DO        fazer shift, e ir para o estado 32
    IF        fazer shift, e ir para o estado 33
    PARSEINT  fazer shift, e ir para o estado 34
    PRINT     fazer shift, e ir para o estado 35
    RETURN    fazer shift, e ir para o estado 36
    WHILE     fazer shift, e ir para o estado 37
    OBRACE    fazer shift, e ir para o estado 38
    SEMI      fazer shift, e ir para o estado 40

    CBRACE  reduzir usando a regra 52 (StatementList)

    Statement         ir para o estado 79
    StatementList     ir para o estado 80
    Assignment        ir para o estado 45
    MethodInvocation  ir para o estado 46
    ParseArgs         ir para o estado 47


Estado39

   19 MethodBody: OBRACE CBRACE .

    $default  reduzir usando a regra 19 (MethodBody)


Estado40

   45 Statement: SEMI .

    $default  reduzir usando a regra 45 (Statement)


Estado41

   20 MethodBody: OBRACE MethodParams . CBRACE
   23 MethodParams: MethodParams . VarDecl
   24             | MethodParams . Statement

    error     fazer shift, e ir para o estado 30
    ID        fazer shift, e ir para o estado 31
    BOOL      fazer shift, e ir para o estado 19
    INT       fazer shift, e ir para o estado 20
    DOUBLE    fazer shift, e ir para o estado 21
    DO        fazer shift, e ir para o estado 32
    IF        fazer shift, e ir para o estado 33
    PARSEINT  fazer shift, e ir para o estado 34
    PRINT     fazer shift, e ir para o estado 35
    RETURN    fazer shift, e ir para o estado 36
    WHILE     fazer shift, e ir para o estado 37
    OBRACE    fazer shift, e ir para o estado 38
    CBRACE    fazer shift, e ir para o estado 81
    SEMI      fazer shift, e ir para o estado 40

    VarDecl           ir para o estado 82
    Type              ir para o estado 43
    Statement         ir para o estado 83
    Assignment        ir para o estado 45
    MethodInvocation  ir para o estado 46
    ParseArgs         ir para o estado 47


Estado42

   21 MethodParams: VarDecl .

    $default  reduzir usando a regra 21 (MethodParams)


Estado43

   31 VarDecl: Type . ID SEMI
   32        | Type . ID VarBody SEMI

    ID  fazer shift, e ir para o estado 84


Estado44

   22 MethodParams: Statement .

    $default  reduzir usando a regra 22 (MethodParams)


Estado45

   46 Statement: Assignment . SEMI

    SEMI  fazer shift, e ir para o estado 85


Estado46

   47 Statement: MethodInvocation . SEMI

    SEMI  fazer shift, e ir para o estado 86


Estado47

   48 Statement: ParseArgs . SEMI

    SEMI  fazer shift, e ir para o estado 87


Estado48

   15 MethodHeader: Type ID OCURV . FormalParams CCURV
   16             | Type ID OCURV . CCURV

    BOOL    fazer shift, e ir para o estado 19
    INT     fazer shift, e ir para o estado 20
    DOUBLE  fazer shift, e ir para o estado 21
    STRING  fazer shift, e ir para o estado 52
    CCURV   fazer shift, e ir para o estado 88

    FormalParams  ir para o estado 89
    ParamDecl     ir para o estado 55
    Type          ir para o estado 56


Estado49

    9 FieldDecl: PUBLIC STATIC Type ID SEMI .

    $default  reduzir usando a regra 9 (FieldDecl)


Estado50

   12 CommaID: COMMA . ID
   13        | COMMA . ID CommaID

    ID  fazer shift, e ir para o estado 90


Estado51

   10 FieldDecl: PUBLIC STATIC Type ID CommaID . SEMI

    SEMI  fazer shift, e ir para o estado 91


Estado52

   28 ParamDecl: STRING . OSQUARE CSQUARE ID

    OSQUARE  fazer shift, e ir para o estado 92


Estado53

   18 MethodHeader: VOID ID OCURV CCURV .

    $default  reduzir usando a regra 18 (MethodHeader)


Estado54

   17 MethodHeader: VOID ID OCURV FormalParams . CCURV

    CCURV  fazer shift, e ir para o estado 93


Estado55

   25 FormalParams: ParamDecl .

    $default  reduzir usando a regra 25 (FormalParams)


Estado56

   26 ParamDecl: Type . ID
   27          | Type . ID CommaTypeID

    ID  fazer shift, e ir para o estado 94


Estado57

   51 Statement: error SEMI .

    $default  reduzir usando a regra 51 (Statement)


Estado58

   55 MethodInvocation: ID OCURV . CCURV
   56                 | ID OCURV . Expr CCURV
   57                 | ID OCURV . Expr CommaExpr CCURV
   58                 | ID OCURV . error CCURV

    error     fazer shift, e ir para o estado 95
    REALLIT   fazer shift, e ir para o estado 64
    DECLIT    fazer shift, e ir para o estado 65
    BOOLLIT   fazer shift, e ir para o estado 66
    ID        fazer shift, e ir para o estado 67
    PARSEINT  fazer shift, e ir para o estado 34
    OCURV     fazer shift, e ir para o estado 68
    CCURV     fazer shift, e ir para o estado 96
    PLUS      fazer shift, e ir para o estado 69
    MINUS     fazer shift, e ir para o estado 70
    NOT       fazer shift, e ir para o estado 71

    Assignment        ir para o estado 73
    MethodInvocation  ir para o estado 74
    ParseArgs         ir para o estado 75
    Expr              ir para o estado 97
    ExprAux           ir para o estado 77


Estado59

   54 Assignment: ID ASSIGN . Expr

    REALLIT   fazer shift, e ir para o estado 64
    DECLIT    fazer shift, e ir para o estado 65
    BOOLLIT   fazer shift, e ir para o estado 66
    ID        fazer shift, e ir para o estado 67
    PARSEINT  fazer shift, e ir para o estado 34
    OCURV     fazer shift, e ir para o estado 68
    PLUS      fazer shift, e ir para o estado 69
    MINUS     fazer shift, e ir para o estado 70
    NOT       fazer shift, e ir para o estado 71

    Assignment        ir para o estado 73
    MethodInvocation  ir para o estado 74
    ParseArgs         ir para o estado 75
    Expr              ir para o estado 98
    ExprAux           ir para o estado 77


Estado60

   42 Statement: DO Statement . WHILE OCURV Expr CCURV SEMI

    WHILE  fazer shift, e ir para o estado 99


Estado61

   39 Statement: IF OCURV . Expr CCURV Statement
   40          | IF OCURV . Expr CCURV Statement ELSE Statement

    REALLIT   fazer shift, e ir para o estado 64
    DECLIT    fazer shift, e ir para o estado 65
    BOOLLIT   fazer shift, e ir para o estado 66
    ID        fazer shift, e ir para o estado 67
    PARSEINT  fazer shift, e ir para o estado 34
    OCURV     fazer shift, e ir para o estado 68
    PLUS      fazer shift, e ir para o estado 69
    MINUS     fazer shift, e ir para o estado 70
    NOT       fazer shift, e ir para o estado 71

    Assignment        ir para o estado 73
    MethodInvocation  ir para o estado 74
    ParseArgs         ir para o estado 75
    Expr              ir para o estado 100
    ExprAux           ir para o estado 77


Estado62

   61 ParseArgs: PARSEINT OCURV . ID OSQUARE Expr CSQUARE CCURV
   62          | PARSEINT OCURV . error CCURV

    error  fazer shift, e ir para o estado 101
    ID     fazer shift, e ir para o estado 102


Estado63

   43 Statement: PRINT OCURV . Expr CCURV SEMI
   44          | PRINT OCURV . STRLIT CCURV SEMI

    STRLIT    fazer shift, e ir para o estado 103
    REALLIT   fazer shift, e ir para o estado 64
    DECLIT    fazer shift, e ir para o estado 65
    BOOLLIT   fazer shift, e ir para o estado 66
    ID        fazer shift, e ir para o estado 67
    PARSEINT  fazer shift, e ir para o estado 34
    OCURV     fazer shift, e ir para o estado 68
    PLUS      fazer shift, e ir para o estado 69
    MINUS     fazer shift, e ir para o estado 70
    NOT       fazer shift, e ir para o estado 71

    Assignment        ir para o estado 73
    MethodInvocation  ir para o estado 74
    ParseArgs         ir para o estado 75
    Expr              ir para o estado 104
    ExprAux           ir para o estado 77


Estado64

   88 ExprAux: REALLIT .

    $default  reduzir usando a regra 88 (ExprAux)


Estado65

   87 ExprAux: DECLIT .

    $default  reduzir usando a regra 87 (ExprAux)


Estado66

   86 ExprAux: BOOLLIT .

    $default  reduzir usando a regra 86 (ExprAux)


Estado67

   54 Assignment: ID . ASSIGN Expr
   55 MethodInvocation: ID . OCURV CCURV
   56                 | ID . OCURV Expr CCURV
   57                 | ID . OCURV Expr CommaExpr CCURV
   58                 | ID . OCURV error CCURV
   83 ExprAux: ID .
   84        | ID . DOTLENGTH

    DOTLENGTH  fazer shift, e ir para o estado 105
    OCURV      fazer shift, e ir para o estado 58
    ASSIGN     fazer shift, e ir para o estado 59

    $default  reduzir usando a regra 83 (ExprAux)


Estado68

   85 ExprAux: OCURV . Expr CCURV
   89        | OCURV . error CCURV

    error     fazer shift, e ir para o estado 106
    REALLIT   fazer shift, e ir para o estado 64
    DECLIT    fazer shift, e ir para o estado 65
    BOOLLIT   fazer shift, e ir para o estado 66
    ID        fazer shift, e ir para o estado 67
    PARSEINT  fazer shift, e ir para o estado 34
    OCURV     fazer shift, e ir para o estado 68
    PLUS      fazer shift, e ir para o estado 69
    MINUS     fazer shift, e ir para o estado 70
    NOT       fazer shift, e ir para o estado 71

    Assignment        ir para o estado 73
    MethodInvocation  ir para o estado 74
    ParseArgs         ir para o estado 75
    Expr              ir para o estado 107
    ExprAux           ir para o estado 77


Estado69

   80 ExprAux: PLUS . ExprAux

    REALLIT   fazer shift, e ir para o estado 64
    DECLIT    fazer shift, e ir para o estado 65
    BOOLLIT   fazer shift, e ir para o estado 66
    ID        fazer shift, e ir para o estado 108
    PARSEINT  fazer shift, e ir para o estado 34
    OCURV     fazer shift, e ir para o estado 68
    PLUS      fazer shift, e ir para o estado 69
    MINUS     fazer shift, e ir para o estado 70
    NOT       fazer shift, e ir para o estado 71

    MethodInvocation  ir para o estado 74
    ParseArgs         ir para o estado 75
    ExprAux           ir para o estado 109


Estado70

   81 ExprAux: MINUS . ExprAux

    REALLIT   fazer shift, e ir para o estado 64
    DECLIT    fazer shift, e ir para o estado 65
    BOOLLIT   fazer shift, e ir para o estado 66
    ID        fazer shift, e ir para o estado 108
    PARSEINT  fazer shift, e ir para o estado 34
    OCURV     fazer shift, e ir para o estado 68
    PLUS      fazer shift, e ir para o estado 69
    MINUS     fazer shift, e ir para o estado 70
    NOT       fazer shift, e ir para o estado 71

    MethodInvocation  ir para o estado 74
    ParseArgs         ir para o estado 75
    ExprAux           ir para o estado 110


Estado71

   82 ExprAux: NOT . ExprAux

    REALLIT   fazer shift, e ir para o estado 64
    DECLIT    fazer shift, e ir para o estado 65
    BOOLLIT   fazer shift, e ir para o estado 66
    ID        fazer shift, e ir para o estado 108
    PARSEINT  fazer shift, e ir para o estado 34
    OCURV     fazer shift, e ir para o estado 68
    PLUS      fazer shift, e ir para o estado 69
    MINUS     fazer shift, e ir para o estado 70
    NOT       fazer shift, e ir para o estado 71

    MethodInvocation  ir para o estado 74
    ParseArgs         ir para o estado 75
    ExprAux           ir para o estado 111


Estado72

   49 Statement: RETURN SEMI .

    $default  reduzir usando a regra 49 (Statement)


Estado73

   63 Expr: Assignment .

    $default  reduzir usando a regra 63 (Expr)


Estado74

   65 ExprAux: MethodInvocation .

    $default  reduzir usando a regra 65 (ExprAux)


Estado75

   66 ExprAux: ParseArgs .

    $default  reduzir usando a regra 66 (ExprAux)


Estado76

   50 Statement: RETURN Expr . SEMI

    SEMI  fazer shift, e ir para o estado 112


Estado77

   64 Expr: ExprAux .
   67 ExprAux: ExprAux . AND ExprAux
   68        | ExprAux . OR ExprAux
   69        | ExprAux . EQ ExprAux
   70        | ExprAux . GEQ ExprAux
   71        | ExprAux . GT ExprAux
   72        | ExprAux . LEQ ExprAux
   73        | ExprAux . LT ExprAux
   74        | ExprAux . NEQ ExprAux
   75        | ExprAux . PLUS ExprAux
   76        | ExprAux . MINUS ExprAux
   77        | ExprAux . STAR ExprAux
   78        | ExprAux . DIV ExprAux
   79        | ExprAux . MOD ExprAux

    AND    fazer shift, e ir para o estado 113
    OR     fazer shift, e ir para o estado 114
    LT     fazer shift, e ir para o estado 115
    GT     fazer shift, e ir para o estado 116
    EQ     fazer shift, e ir para o estado 117
    NEQ    fazer shift, e ir para o estado 118
    LEQ    fazer shift, e ir para o estado 119
    GEQ    fazer shift, e ir para o estado 120
    PLUS   fazer shift, e ir para o estado 121
    MINUS  fazer shift, e ir para o estado 122
    STAR   fazer shift, e ir para o estado 123
    DIV    fazer shift, e ir para o estado 124
    MOD    fazer shift, e ir para o estado 125

    $default  reduzir usando a regra 64 (Expr)


Estado78

   41 Statement: WHILE OCURV . Expr CCURV Statement

    REALLIT   fazer shift, e ir para o estado 64
    DECLIT    fazer shift, e ir para o estado 65
    BOOLLIT   fazer shift, e ir para o estado 66
    ID        fazer shift, e ir para o estado 67
    PARSEINT  fazer shift, e ir para o estado 34
    OCURV     fazer shift, e ir para o estado 68
    PLUS      fazer shift, e ir para o estado 69
    MINUS     fazer shift, e ir para o estado 70
    NOT       fazer shift, e ir para o estado 71

    Assignment        ir para o estado 73
    MethodInvocation  ir para o estado 74
    ParseArgs         ir para o estado 75
    Expr              ir para o estado 126
    ExprAux           ir para o estado 77


Estado79

   53 StatementList: Statement . StatementList

    error     fazer shift, e ir para o estado 30
    ID        fazer shift, e ir para o estado 31
    DO        fazer shift, e ir para o estado 32
    IF        fazer shift, e ir para o estado 33
    PARSEINT  fazer shift, e ir para o estado 34
    PRINT     fazer shift, e ir para o estado 35
    RETURN    fazer shift, e ir para o estado 36
    WHILE     fazer shift, e ir para o estado 37
    OBRACE    fazer shift, e ir para o estado 38
    SEMI      fazer shift, e ir para o estado 40

    CBRACE  reduzir usando a regra 52 (StatementList)

    Statement         ir para o estado 79
    StatementList     ir para o estado 127
    Assignment        ir para o estado 45
    MethodInvocation  ir para o estado 46
    ParseArgs         ir para o estado 47


Estado80

   38 Statement: OBRACE StatementList . CBRACE

    CBRACE  fazer shift, e ir para o estado 128


Estado81

   20 MethodBody: OBRACE MethodParams CBRACE .

    $default  reduzir usando a regra 20 (MethodBody)


Estado82

   23 MethodParams: MethodParams VarDecl .

    $default  reduzir usando a regra 23 (MethodParams)


Estado83

   24 MethodParams: MethodParams Statement .

    $default  reduzir usando a regra 24 (MethodParams)


Estado84

   31 VarDecl: Type ID . SEMI
   32        | Type ID . VarBody SEMI

    SEMI   fazer shift, e ir para o estado 129
    COMMA  fazer shift, e ir para o estado 130

    VarBody  ir para o estado 131


Estado85

   46 Statement: Assignment SEMI .

    $default  reduzir usando a regra 46 (Statement)


Estado86

   47 Statement: MethodInvocation SEMI .

    $default  reduzir usando a regra 47 (Statement)


Estado87

   48 Statement: ParseArgs SEMI .

    $default  reduzir usando a regra 48 (Statement)


Estado88

   16 MethodHeader: Type ID OCURV CCURV .

    $default  reduzir usando a regra 16 (MethodHeader)


Estado89

   15 MethodHeader: Type ID OCURV FormalParams . CCURV

    CCURV  fazer shift, e ir para o estado 132


Estado90

   12 CommaID: COMMA ID .
   13        | COMMA ID . CommaID

    COMMA  fazer shift, e ir para o estado 50

    $default  reduzir usando a regra 12 (CommaID)

    CommaID  ir para o estado 133


Estado91

   10 FieldDecl: PUBLIC STATIC Type ID CommaID SEMI .

    $default  reduzir usando a regra 10 (FieldDecl)


Estado92

   28 ParamDecl: STRING OSQUARE . CSQUARE ID

    CSQUARE  fazer shift, e ir para o estado 134


Estado93

   17 MethodHeader: VOID ID OCURV FormalParams CCURV .

    $default  reduzir usando a regra 17 (MethodHeader)


Estado94

   26 ParamDecl: Type ID .
   27          | Type ID . CommaTypeID

    COMMA  fazer shift, e ir para o estado 135

    $default  reduzir usando a regra 26 (ParamDecl)

    CommaTypeID  ir para o estado 136


Estado95

   58 MethodInvocation: ID OCURV error . CCURV

    CCURV  fazer shift, e ir para o estado 137


Estado96

   55 MethodInvocation: ID OCURV CCURV .

    $default  reduzir usando a regra 55 (MethodInvocation)


Estado97

   56 MethodInvocation: ID OCURV Expr . CCURV
   57                 | ID OCURV Expr . CommaExpr CCURV

    CCURV  fazer shift, e ir para o estado 138
    COMMA  fazer shift, e ir para o estado 139

    CommaExpr  ir para o estado 140


Estado98

   54 Assignment: ID ASSIGN Expr .

    $default  reduzir usando a regra 54 (Assignment)


Estado99

   42 Statement: DO Statement WHILE . OCURV Expr CCURV SEMI

    OCURV  fazer shift, e ir para o estado 141


Estado100

   39 Statement: IF OCURV Expr . CCURV Statement
   40          | IF OCURV Expr . CCURV Statement ELSE Statement

    CCURV  fazer shift, e ir para o estado 142


Estado101

   62 ParseArgs: PARSEINT OCURV error . CCURV

    CCURV  fazer shift, e ir para o estado 143


Estado102

   61 ParseArgs: PARSEINT OCURV ID . OSQUARE Expr CSQUARE CCURV

    OSQUARE  fazer shift, e ir para o estado 144


Estado103

   44 Statement: PRINT OCURV STRLIT . CCURV SEMI

    CCURV  fazer shift, e ir para o estado 145


Estado104

   43 Statement: PRINT OCURV Expr . CCURV SEMI

    CCURV  fazer shift, e ir para o estado 146


Estado105

   84 ExprAux: ID DOTLENGTH .

    $default  reduzir usando a regra 84 (ExprAux)


Estado106

   89 ExprAux: OCURV error . CCURV

    CCURV  fazer shift, e ir para o estado 147


Estado107

   85 ExprAux: OCURV Expr . CCURV

    CCURV  fazer shift, e ir para o estado 148


Estado108

   55 MethodInvocation: ID . OCURV CCURV
   56                 | ID . OCURV Expr CCURV
   57                 | ID . OCURV Expr CommaExpr CCURV
   58                 | ID . OCURV error CCURV
   83 ExprAux: ID .
   84        | ID . DOTLENGTH

    DOTLENGTH  fazer shift, e ir para o estado 105
    OCURV      fazer shift, e ir para o estado 58

    $default  reduzir usando a regra 83 (ExprAux)


Estado109

   67 ExprAux: ExprAux . AND ExprAux
   68        | ExprAux . OR ExprAux
   69        | ExprAux . EQ ExprAux
   70        | ExprAux . GEQ ExprAux
   71        | ExprAux . GT ExprAux
   72        | ExprAux . LEQ ExprAux
   73        | ExprAux . LT ExprAux
   74        | ExprAux . NEQ ExprAux
   75        | ExprAux . PLUS ExprAux
   76        | ExprAux . MINUS ExprAux
   77        | ExprAux . STAR ExprAux
   78        | ExprAux . DIV ExprAux
   79        | ExprAux . MOD ExprAux
   80        | PLUS ExprAux .

    $default  reduzir usando a regra 80 (ExprAux)


Estado110

   67 ExprAux: ExprAux . AND ExprAux
   68        | ExprAux . OR ExprAux
   69        | ExprAux . EQ ExprAux
   70        | ExprAux . GEQ ExprAux
   71        | ExprAux . GT ExprAux
   72        | ExprAux . LEQ ExprAux
   73        | ExprAux . LT ExprAux
   74        | ExprAux . NEQ ExprAux
   75        | ExprAux . PLUS ExprAux
   76        | ExprAux . MINUS ExprAux
   77        | ExprAux . STAR ExprAux
   78        | ExprAux . DIV ExprAux
   79        | ExprAux . MOD ExprAux
   81        | MINUS ExprAux .

    $default  reduzir usando a regra 81 (ExprAux)


Estado111

   67 ExprAux: ExprAux . AND ExprAux
   68        | ExprAux . OR ExprAux
   69        | ExprAux . EQ ExprAux
   70        | ExprAux . GEQ ExprAux
   71        | ExprAux . GT ExprAux
   72        | ExprAux . LEQ ExprAux
   73        | ExprAux . LT ExprAux
   74        | ExprAux . NEQ ExprAux
   75        | ExprAux . PLUS ExprAux
   76        | ExprAux . MINUS ExprAux
   77        | ExprAux . STAR ExprAux
   78        | ExprAux . DIV ExprAux
   79        | ExprAux . MOD ExprAux
   82        | NOT ExprAux .

    $default  reduzir usando a regra 82 (ExprAux)


Estado112

   50 Statement: RETURN Expr SEMI .

    $default  reduzir usando a regra 50 (Statement)


Estado113

   67 ExprAux: ExprAux AND . ExprAux

    REALLIT   fazer shift, e ir para o estado 64
    DECLIT    fazer shift, e ir para o estado 65
    BOOLLIT   fazer shift, e ir para o estado 66
    ID        fazer shift, e ir para o estado 108
    PARSEINT  fazer shift, e ir para o estado 34
    OCURV     fazer shift, e ir para o estado 68
    PLUS      fazer shift, e ir para o estado 69
    MINUS     fazer shift, e ir para o estado 70
    NOT       fazer shift, e ir para o estado 71

    MethodInvocation  ir para o estado 74
    ParseArgs         ir para o estado 75
    ExprAux           ir para o estado 149


Estado114

   68 ExprAux: ExprAux OR . ExprAux

    REALLIT   fazer shift, e ir para o estado 64
    DECLIT    fazer shift, e ir para o estado 65
    BOOLLIT   fazer shift, e ir para o estado 66
    ID        fazer shift, e ir para o estado 108
    PARSEINT  fazer shift, e ir para o estado 34
    OCURV     fazer shift, e ir para o estado 68
    PLUS      fazer shift, e ir para o estado 69
    MINUS     fazer shift, e ir para o estado 70
    NOT       fazer shift, e ir para o estado 71

    MethodInvocation  ir para o estado 74
    ParseArgs         ir para o estado 75
    ExprAux           ir para o estado 150


Estado115

   73 ExprAux: ExprAux LT . ExprAux

    REALLIT   fazer shift, e ir para o estado 64
    DECLIT    fazer shift, e ir para o estado 65
    BOOLLIT   fazer shift, e ir para o estado 66
    ID        fazer shift, e ir para o estado 108
    PARSEINT  fazer shift, e ir para o estado 34
    OCURV     fazer shift, e ir para o estado 68
    PLUS      fazer shift, e ir para o estado 69
    MINUS     fazer shift, e ir para o estado 70
    NOT       fazer shift, e ir para o estado 71

    MethodInvocation  ir para o estado 74
    ParseArgs         ir para o estado 75
    ExprAux           ir para o estado 151


Estado116

   71 ExprAux: ExprAux GT . ExprAux

    REALLIT   fazer shift, e ir para o estado 64
    DECLIT    fazer shift, e ir para o estado 65
    BOOLLIT   fazer shift, e ir para o estado 66
    ID        fazer shift, e ir para o estado 108
    PARSEINT  fazer shift, e ir para o estado 34
    OCURV     fazer shift, e ir para o estado 68
    PLUS      fazer shift, e ir para o estado 69
    MINUS     fazer shift, e ir para o estado 70
    NOT       fazer shift, e ir para o estado 71

    MethodInvocation  ir para o estado 74
    ParseArgs         ir para o estado 75
    ExprAux           ir para o estado 152


Estado117

   69 ExprAux: ExprAux EQ . ExprAux

    REALLIT   fazer shift, e ir para o estado 64
    DECLIT    fazer shift, e ir para o estado 65
    BOOLLIT   fazer shift, e ir para o estado 66
    ID        fazer shift, e ir para o estado 108
    PARSEINT  fazer shift, e ir para o estado 34
    OCURV     fazer shift, e ir para o estado 68
    PLUS      fazer shift, e ir para o estado 69
    MINUS     fazer shift, e ir para o estado 70
    NOT       fazer shift, e ir para o estado 71

    MethodInvocation  ir para o estado 74
    ParseArgs         ir para o estado 75
    ExprAux           ir para o estado 153


Estado118

   74 ExprAux: ExprAux NEQ . ExprAux

    REALLIT   fazer shift, e ir para o estado 64
    DECLIT    fazer shift, e ir para o estado 65
    BOOLLIT   fazer shift, e ir para o estado 66
    ID        fazer shift, e ir para o estado 108
    PARSEINT  fazer shift, e ir para o estado 34
    OCURV     fazer shift, e ir para o estado 68
    PLUS      fazer shift, e ir para o estado 69
    MINUS     fazer shift, e ir para o estado 70
    NOT       fazer shift, e ir para o estado 71

    MethodInvocation  ir para o estado 74
    ParseArgs         ir para o estado 75
    ExprAux           ir para o estado 154


Estado119

   72 ExprAux: ExprAux LEQ . ExprAux

    REALLIT   fazer shift, e ir para o estado 64
    DECLIT    fazer shift, e ir para o estado 65
    BOOLLIT   fazer shift, e ir para o estado 66
    ID        fazer shift, e ir para o estado 108
    PARSEINT  fazer shift, e ir para o estado 34
    OCURV     fazer shift, e ir para o estado 68
    PLUS      fazer shift, e ir para o estado 69
    MINUS     fazer shift, e ir para o estado 70
    NOT       fazer shift, e ir para o estado 71

    MethodInvocation  ir para o estado 74
    ParseArgs         ir para o estado 75
    ExprAux           ir para o estado 155


Estado120

   70 ExprAux: ExprAux GEQ . ExprAux

    REALLIT   fazer shift, e ir para o estado 64
    DECLIT    fazer shift, e ir para o estado 65
    BOOLLIT   fazer shift, e ir para o estado 66
    ID        fazer shift, e ir para o estado 108
    PARSEINT  fazer shift, e ir para o estado 34
    OCURV     fazer shift, e ir para o estado 68
    PLUS      fazer shift, e ir para o estado 69
    MINUS     fazer shift, e ir para o estado 70
    NOT       fazer shift, e ir para o estado 71

    MethodInvocation  ir para o estado 74
    ParseArgs         ir para o estado 75
    ExprAux           ir para o estado 156


Estado121

   75 ExprAux: ExprAux PLUS . ExprAux

    REALLIT   fazer shift, e ir para o estado 64
    DECLIT    fazer shift, e ir para o estado 65
    BOOLLIT   fazer shift, e ir para o estado 66
    ID        fazer shift, e ir para o estado 108
    PARSEINT  fazer shift, e ir para o estado 34
    OCURV     fazer shift, e ir para o estado 68
    PLUS      fazer shift, e ir para o estado 69
    MINUS     fazer shift, e ir para o estado 70
    NOT       fazer shift, e ir para o estado 71

    MethodInvocation  ir para o estado 74
    ParseArgs         ir para o estado 75
    ExprAux           ir para o estado 157


Estado122

   76 ExprAux: ExprAux MINUS . ExprAux

    REALLIT   fazer shift, e ir para o estado 64
    DECLIT    fazer shift, e ir para o estado 65
    BOOLLIT   fazer shift, e ir para o estado 66
    ID        fazer shift, e ir para o estado 108
    PARSEINT  fazer shift, e ir para o estado 34
    OCURV     fazer shift, e ir para o estado 68
    PLUS      fazer shift, e ir para o estado 69
    MINUS     fazer shift, e ir para o estado 70
    NOT       fazer shift, e ir para o estado 71

    MethodInvocation  ir para o estado 74
    ParseArgs         ir para o estado 75
    ExprAux           ir para o estado 158


Estado123

   77 ExprAux: ExprAux STAR . ExprAux

    REALLIT   fazer shift, e ir para o estado 64
    DECLIT    fazer shift, e ir para o estado 65
    BOOLLIT   fazer shift, e ir para o estado 66
    ID        fazer shift, e ir para o estado 108
    PARSEINT  fazer shift, e ir para o estado 34
    OCURV     fazer shift, e ir para o estado 68
    PLUS      fazer shift, e ir para o estado 69
    MINUS     fazer shift, e ir para o estado 70
    NOT       fazer shift, e ir para o estado 71

    MethodInvocation  ir para o estado 74
    ParseArgs         ir para o estado 75
    ExprAux           ir para o estado 159


Estado124

   78 ExprAux: ExprAux DIV . ExprAux

    REALLIT   fazer shift, e ir para o estado 64
    DECLIT    fazer shift, e ir para o estado 65
    BOOLLIT   fazer shift, e ir para o estado 66
    ID        fazer shift, e ir para o estado 108
    PARSEINT  fazer shift, e ir para o estado 34
    OCURV     fazer shift, e ir para o estado 68
    PLUS      fazer shift, e ir para o estado 69
    MINUS     fazer shift, e ir para o estado 70
    NOT       fazer shift, e ir para o estado 71

    MethodInvocation  ir para o estado 74
    ParseArgs         ir para o estado 75
    ExprAux           ir para o estado 160


Estado125

   79 ExprAux: ExprAux MOD . ExprAux

    REALLIT   fazer shift, e ir para o estado 64
    DECLIT    fazer shift, e ir para o estado 65
    BOOLLIT   fazer shift, e ir para o estado 66
    ID        fazer shift, e ir para o estado 108
    PARSEINT  fazer shift, e ir para o estado 34
    OCURV     fazer shift, e ir para o estado 68
    PLUS      fazer shift, e ir para o estado 69
    MINUS     fazer shift, e ir para o estado 70
    NOT       fazer shift, e ir para o estado 71

    MethodInvocation  ir para o estado 74
    ParseArgs         ir para o estado 75
    ExprAux           ir para o estado 161


Estado126

   41 Statement: WHILE OCURV Expr . CCURV Statement

    CCURV  fazer shift, e ir para o estado 162


Estado127

   53 StatementList: Statement StatementList .

    $default  reduzir usando a regra 53 (StatementList)


Estado128

   38 Statement: OBRACE StatementList CBRACE .

    $default  reduzir usando a regra 38 (Statement)


Estado129

   31 VarDecl: Type ID SEMI .

    $default  reduzir usando a regra 31 (VarDecl)


Estado130

   33 VarBody: COMMA . ID
   34        | COMMA . ID VarBody

    ID  fazer shift, e ir para o estado 163


Estado131

   32 VarDecl: Type ID VarBody . SEMI

    SEMI  fazer shift, e ir para o estado 164


Estado132

   15 MethodHeader: Type ID OCURV FormalParams CCURV .

    $default  reduzir usando a regra 15 (MethodHeader)


Estado133

   13 CommaID: COMMA ID CommaID .

    $default  reduzir usando a regra 13 (CommaID)


Estado134

   28 ParamDecl: STRING OSQUARE CSQUARE . ID

    ID  fazer shift, e ir para o estado 165


Estado135

   29 CommaTypeID: COMMA . Type ID
   30            | COMMA . Type ID CommaTypeID

    BOOL    fazer shift, e ir para o estado 19
    INT     fazer shift, e ir para o estado 20
    DOUBLE  fazer shift, e ir para o estado 21

    Type  ir para o estado 166


Estado136

   27 ParamDecl: Type ID CommaTypeID .

    $default  reduzir usando a regra 27 (ParamDecl)


Estado137

   58 MethodInvocation: ID OCURV error CCURV .

    $default  reduzir usando a regra 58 (MethodInvocation)


Estado138

   56 MethodInvocation: ID OCURV Expr CCURV .

    $default  reduzir usando a regra 56 (MethodInvocation)


Estado139

   59 CommaExpr: COMMA . Expr

    REALLIT   fazer shift, e ir para o estado 64
    DECLIT    fazer shift, e ir para o estado 65
    BOOLLIT   fazer shift, e ir para o estado 66
    ID        fazer shift, e ir para o estado 67
    PARSEINT  fazer shift, e ir para o estado 34
    OCURV     fazer shift, e ir para o estado 68
    PLUS      fazer shift, e ir para o estado 69
    MINUS     fazer shift, e ir para o estado 70
    NOT       fazer shift, e ir para o estado 71

    Assignment        ir para o estado 73
    MethodInvocation  ir para o estado 74
    ParseArgs         ir para o estado 75
    Expr              ir para o estado 167
    ExprAux           ir para o estado 77


Estado140

   57 MethodInvocation: ID OCURV Expr CommaExpr . CCURV
   60 CommaExpr: CommaExpr . COMMA Expr

    CCURV  fazer shift, e ir para o estado 168
    COMMA  fazer shift, e ir para o estado 169


Estado141

   42 Statement: DO Statement WHILE OCURV . Expr CCURV SEMI

    REALLIT   fazer shift, e ir para o estado 64
    DECLIT    fazer shift, e ir para o estado 65
    BOOLLIT   fazer shift, e ir para o estado 66
    ID        fazer shift, e ir para o estado 67
    PARSEINT  fazer shift, e ir para o estado 34
    OCURV     fazer shift, e ir para o estado 68
    PLUS      fazer shift, e ir para o estado 69
    MINUS     fazer shift, e ir para o estado 70
    NOT       fazer shift, e ir para o estado 71

    Assignment        ir para o estado 73
    MethodInvocation  ir para o estado 74
    ParseArgs         ir para o estado 75
    Expr              ir para o estado 170
    ExprAux           ir para o estado 77


Estado142

   39 Statement: IF OCURV Expr CCURV . Statement
   40          | IF OCURV Expr CCURV . Statement ELSE Statement

    error     fazer shift, e ir para o estado 30
    ID        fazer shift, e ir para o estado 31
    DO        fazer shift, e ir para o estado 32
    IF        fazer shift, e ir para o estado 33
    PARSEINT  fazer shift, e ir para o estado 34
    PRINT     fazer shift, e ir para o estado 35
    RETURN    fazer shift, e ir para o estado 36
    WHILE     fazer shift, e ir para o estado 37
    OBRACE    fazer shift, e ir para o estado 38
    SEMI      fazer shift, e ir para o estado 40

    Statement         ir para o estado 171
    Assignment        ir para o estado 45
    MethodInvocation  ir para o estado 46
    ParseArgs         ir para o estado 47


Estado143

   62 ParseArgs: PARSEINT OCURV error CCURV .

    $default  reduzir usando a regra 62 (ParseArgs)


Estado144

   61 ParseArgs: PARSEINT OCURV ID OSQUARE . Expr CSQUARE CCURV

    REALLIT   fazer shift, e ir para o estado 64
    DECLIT    fazer shift, e ir para o estado 65
    BOOLLIT   fazer shift, e ir para o estado 66
    ID        fazer shift, e ir para o estado 67
    PARSEINT  fazer shift, e ir para o estado 34
    OCURV     fazer shift, e ir para o estado 68
    PLUS      fazer shift, e ir para o estado 69
    MINUS     fazer shift, e ir para o estado 70
    NOT       fazer shift, e ir para o estado 71

    Assignment        ir para o estado 73
    MethodInvocation  ir para o estado 74
    ParseArgs         ir para o estado 75
    Expr              ir para o estado 172
    ExprAux           ir para o estado 77


Estado145

   44 Statement: PRINT OCURV STRLIT CCURV . SEMI

    SEMI  fazer shift, e ir para o estado 173


Estado146

   43 Statement: PRINT OCURV Expr CCURV . SEMI

    SEMI  fazer shift, e ir para o estado 174


Estado147

   89 ExprAux: OCURV error CCURV .

    $default  reduzir usando a regra 89 (ExprAux)


Estado148

   85 ExprAux: OCURV Expr CCURV .

    $default  reduzir usando a regra 85 (ExprAux)


Estado149

   67 ExprAux: ExprAux . AND ExprAux
   67        | ExprAux AND ExprAux .
   68        | ExprAux . OR ExprAux
   69        | ExprAux . EQ ExprAux
   70        | ExprAux . GEQ ExprAux
   71        | ExprAux . GT ExprAux
   72        | ExprAux . LEQ ExprAux
   73        | ExprAux . LT ExprAux
   74        | ExprAux . NEQ ExprAux
   75        | ExprAux . PLUS ExprAux
   76        | ExprAux . MINUS ExprAux
   77        | ExprAux . STAR ExprAux
   78        | ExprAux . DIV ExprAux
   79        | ExprAux . MOD ExprAux

    LT     fazer shift, e ir para o estado 115
    GT     fazer shift, e ir para o estado 116
    EQ     fazer shift, e ir para o estado 117
    NEQ    fazer shift, e ir para o estado 118
    LEQ    fazer shift, e ir para o estado 119
    GEQ    fazer shift, e ir para o estado 120
    PLUS   fazer shift, e ir para o estado 121
    MINUS  fazer shift, e ir para o estado 122
    STAR   fazer shift, e ir para o estado 123
    DIV    fazer shift, e ir para o estado 124
    MOD    fazer shift, e ir para o estado 125

    $default  reduzir usando a regra 67 (ExprAux)


Estado150

   67 ExprAux: ExprAux . AND ExprAux
   68        | ExprAux . OR ExprAux
   68        | ExprAux OR ExprAux .
   69        | ExprAux . EQ ExprAux
   70        | ExprAux . GEQ ExprAux
   71        | ExprAux . GT ExprAux
   72        | ExprAux . LEQ ExprAux
   73        | ExprAux . LT ExprAux
   74        | ExprAux . NEQ ExprAux
   75        | ExprAux . PLUS ExprAux
   76        | ExprAux . MINUS ExprAux
   77        | ExprAux . STAR ExprAux
   78        | ExprAux . DIV ExprAux
   79        | ExprAux . MOD ExprAux

    AND    fazer shift, e ir para o estado 113
    LT     fazer shift, e ir para o estado 115
    GT     fazer shift, e ir para o estado 116
    EQ     fazer shift, e ir para o estado 117
    NEQ    fazer shift, e ir para o estado 118
    LEQ    fazer shift, e ir para o estado 119
    GEQ    fazer shift, e ir para o estado 120
    PLUS   fazer shift, e ir para o estado 121
    MINUS  fazer shift, e ir para o estado 122
    STAR   fazer shift, e ir para o estado 123
    DIV    fazer shift, e ir para o estado 124
    MOD    fazer shift, e ir para o estado 125

    $default  reduzir usando a regra 68 (ExprAux)


Estado151

   67 ExprAux: ExprAux . AND ExprAux
   68        | ExprAux . OR ExprAux
   69        | ExprAux . EQ ExprAux
   70        | ExprAux . GEQ ExprAux
   71        | ExprAux . GT ExprAux
   72        | ExprAux . LEQ ExprAux
   73        | ExprAux . LT ExprAux
   73        | ExprAux LT ExprAux .
   74        | ExprAux . NEQ ExprAux
   75        | ExprAux . PLUS ExprAux
   76        | ExprAux . MINUS ExprAux
   77        | ExprAux . STAR ExprAux
   78        | ExprAux . DIV ExprAux
   79        | ExprAux . MOD ExprAux

    PLUS   fazer shift, e ir para o estado 121
    MINUS  fazer shift, e ir para o estado 122
    STAR   fazer shift, e ir para o estado 123
    DIV    fazer shift, e ir para o estado 124
    MOD    fazer shift, e ir para o estado 125

    $default  reduzir usando a regra 73 (ExprAux)


Estado152

   67 ExprAux: ExprAux . AND ExprAux
   68        | ExprAux . OR ExprAux
   69        | ExprAux . EQ ExprAux
   70        | ExprAux . GEQ ExprAux
   71        | ExprAux . GT ExprAux
   71        | ExprAux GT ExprAux .
   72        | ExprAux . LEQ ExprAux
   73        | ExprAux . LT ExprAux
   74        | ExprAux . NEQ ExprAux
   75        | ExprAux . PLUS ExprAux
   76        | ExprAux . MINUS ExprAux
   77        | ExprAux . STAR ExprAux
   78        | ExprAux . DIV ExprAux
   79        | ExprAux . MOD ExprAux

    PLUS   fazer shift, e ir para o estado 121
    MINUS  fazer shift, e ir para o estado 122
    STAR   fazer shift, e ir para o estado 123
    DIV    fazer shift, e ir para o estado 124
    MOD    fazer shift, e ir para o estado 125

    $default  reduzir usando a regra 71 (ExprAux)


Estado153

   67 ExprAux: ExprAux . AND ExprAux
   68        | ExprAux . OR ExprAux
   69        | ExprAux . EQ ExprAux
   69        | ExprAux EQ ExprAux .
   70        | ExprAux . GEQ ExprAux
   71        | ExprAux . GT ExprAux
   72        | ExprAux . LEQ ExprAux
   73        | ExprAux . LT ExprAux
   74        | ExprAux . NEQ ExprAux
   75        | ExprAux . PLUS ExprAux
   76        | ExprAux . MINUS ExprAux
   77        | ExprAux . STAR ExprAux
   78        | ExprAux . DIV ExprAux
   79        | ExprAux . MOD ExprAux

    LT     fazer shift, e ir para o estado 115
    GT     fazer shift, e ir para o estado 116
    LEQ    fazer shift, e ir para o estado 119
    GEQ    fazer shift, e ir para o estado 120
    PLUS   fazer shift, e ir para o estado 121
    MINUS  fazer shift, e ir para o estado 122
    STAR   fazer shift, e ir para o estado 123
    DIV    fazer shift, e ir para o estado 124
    MOD    fazer shift, e ir para o estado 125

    $default  reduzir usando a regra 69 (ExprAux)


Estado154

   67 ExprAux: ExprAux . AND ExprAux
   68        | ExprAux . OR ExprAux
   69        | ExprAux . EQ ExprAux
   70        | ExprAux . GEQ ExprAux
   71        | ExprAux . GT ExprAux
   72        | ExprAux . LEQ ExprAux
   73        | ExprAux . LT ExprAux
   74        | ExprAux . NEQ ExprAux
   74        | ExprAux NEQ ExprAux .
   75        | ExprAux . PLUS ExprAux
   76        | ExprAux . MINUS ExprAux
   77        | ExprAux . STAR ExprAux
   78        | ExprAux . DIV ExprAux
   79        | ExprAux . MOD ExprAux

    LT     fazer shift, e ir para o estado 115
    GT     fazer shift, e ir para o estado 116
    LEQ    fazer shift, e ir para o estado 119
    GEQ    fazer shift, e ir para o estado 120
    PLUS   fazer shift, e ir para o estado 121
    MINUS  fazer shift, e ir para o estado 122
    STAR   fazer shift, e ir para o estado 123
    DIV    fazer shift, e ir para o estado 124
    MOD    fazer shift, e ir para o estado 125

    $default  reduzir usando a regra 74 (ExprAux)


Estado155

   67 ExprAux: ExprAux . AND ExprAux
   68        | ExprAux . OR ExprAux
   69        | ExprAux . EQ ExprAux
   70        | ExprAux . GEQ ExprAux
   71        | ExprAux . GT ExprAux
   72        | ExprAux . LEQ ExprAux
   72        | ExprAux LEQ ExprAux .
   73        | ExprAux . LT ExprAux
   74        | ExprAux . NEQ ExprAux
   75        | ExprAux . PLUS ExprAux
   76        | ExprAux . MINUS ExprAux
   77        | ExprAux . STAR ExprAux
   78        | ExprAux . DIV ExprAux
   79        | ExprAux . MOD ExprAux

    PLUS   fazer shift, e ir para o estado 121
    MINUS  fazer shift, e ir para o estado 122
    STAR   fazer shift, e ir para o estado 123
    DIV    fazer shift, e ir para o estado 124
    MOD    fazer shift, e ir para o estado 125

    $default  reduzir usando a regra 72 (ExprAux)


Estado156

   67 ExprAux: ExprAux . AND ExprAux
   68        | ExprAux . OR ExprAux
   69        | ExprAux . EQ ExprAux
   70        | ExprAux . GEQ ExprAux
   70        | ExprAux GEQ ExprAux .
   71        | ExprAux . GT ExprAux
   72        | ExprAux . LEQ ExprAux
   73        | ExprAux . LT ExprAux
   74        | ExprAux . NEQ ExprAux
   75        | ExprAux . PLUS ExprAux
   76        | ExprAux . MINUS ExprAux
   77        | ExprAux . STAR ExprAux
   78        | ExprAux . DIV ExprAux
   79        | ExprAux . MOD ExprAux

    PLUS   fazer shift, e ir para o estado 121
    MINUS  fazer shift, e ir para o estado 122
    STAR   fazer shift, e ir para o estado 123
    DIV    fazer shift, e ir para o estado 124
    MOD    fazer shift, e ir para o estado 125

    $default  reduzir usando a regra 70 (ExprAux)


Estado157

   67 ExprAux: ExprAux . AND ExprAux
   68        | ExprAux . OR ExprAux
   69        | ExprAux . EQ ExprAux
   70        | ExprAux . GEQ ExprAux
   71        | ExprAux . GT ExprAux
   72        | ExprAux . LEQ ExprAux
   73        | ExprAux . LT ExprAux
   74        | ExprAux . NEQ ExprAux
   75        | ExprAux . PLUS ExprAux
   75        | ExprAux PLUS ExprAux .
   76        | ExprAux . MINUS ExprAux
   77        | ExprAux . STAR ExprAux
   78        | ExprAux . DIV ExprAux
   79        | ExprAux . MOD ExprAux

    STAR  fazer shift, e ir para o estado 123
    DIV   fazer shift, e ir para o estado 124
    MOD   fazer shift, e ir para o estado 125

    $default  reduzir usando a regra 75 (ExprAux)


Estado158

   67 ExprAux: ExprAux . AND ExprAux
   68        | ExprAux . OR ExprAux
   69        | ExprAux . EQ ExprAux
   70        | ExprAux . GEQ ExprAux
   71        | ExprAux . GT ExprAux
   72        | ExprAux . LEQ ExprAux
   73        | ExprAux . LT ExprAux
   74        | ExprAux . NEQ ExprAux
   75        | ExprAux . PLUS ExprAux
   76        | ExprAux . MINUS ExprAux
   76        | ExprAux MINUS ExprAux .
   77        | ExprAux . STAR ExprAux
   78        | ExprAux . DIV ExprAux
   79        | ExprAux . MOD ExprAux

    STAR  fazer shift, e ir para o estado 123
    DIV   fazer shift, e ir para o estado 124
    MOD   fazer shift, e ir para o estado 125

    $default  reduzir usando a regra 76 (ExprAux)


Estado159

   67 ExprAux: ExprAux . AND ExprAux
   68        | ExprAux . OR ExprAux
   69        | ExprAux . EQ ExprAux
   70        | ExprAux . GEQ ExprAux
   71        | ExprAux . GT ExprAux
   72        | ExprAux . LEQ ExprAux
   73        | ExprAux . LT ExprAux
   74        | ExprAux . NEQ ExprAux
   75        | ExprAux . PLUS ExprAux
   76        | ExprAux . MINUS ExprAux
   77        | ExprAux . STAR ExprAux
   77        | ExprAux STAR ExprAux .
   78        | ExprAux . DIV ExprAux
   79        | ExprAux . MOD ExprAux

    $default  reduzir usando a regra 77 (ExprAux)


Estado160

   67 ExprAux: ExprAux . AND ExprAux
   68        | ExprAux . OR ExprAux
   69        | ExprAux . EQ ExprAux
   70        | ExprAux . GEQ ExprAux
   71        | ExprAux . GT ExprAux
   72        | ExprAux . LEQ ExprAux
   73        | ExprAux . LT ExprAux
   74        | ExprAux . NEQ ExprAux
   75        | ExprAux . PLUS ExprAux
   76        | ExprAux . MINUS ExprAux
   77        | ExprAux . STAR ExprAux
   78        | ExprAux . DIV ExprAux
   78        | ExprAux DIV ExprAux .
   79        | ExprAux . MOD ExprAux

    $default  reduzir usando a regra 78 (ExprAux)


Estado161

   67 ExprAux: ExprAux . AND ExprAux
   68        | ExprAux . OR ExprAux
   69        | ExprAux . EQ ExprAux
   70        | ExprAux . GEQ ExprAux
   71        | ExprAux . GT ExprAux
   72        | ExprAux . LEQ ExprAux
   73        | ExprAux . LT ExprAux
   74        | ExprAux . NEQ ExprAux
   75        | ExprAux . PLUS ExprAux
   76        | ExprAux . MINUS ExprAux
   77        | ExprAux . STAR ExprAux
   78        | ExprAux . DIV ExprAux
   79        | ExprAux . MOD ExprAux
   79        | ExprAux MOD ExprAux .

    $default  reduzir usando a regra 79 (ExprAux)


Estado162

   41 Statement: WHILE OCURV Expr CCURV . Statement

    error     fazer shift, e ir para o estado 30
    ID        fazer shift, e ir para o estado 31
    DO        fazer shift, e ir para o estado 32
    IF        fazer shift, e ir para o estado 33
    PARSEINT  fazer shift, e ir para o estado 34
    PRINT     fazer shift, e ir para o estado 35
    RETURN    fazer shift, e ir para o estado 36
    WHILE     fazer shift, e ir para o estado 37
    OBRACE    fazer shift, e ir para o estado 38
    SEMI      fazer shift, e ir para o estado 40

    Statement         ir para o estado 175
    Assignment        ir para o estado 45
    MethodInvocation  ir para o estado 46
    ParseArgs         ir para o estado 47


Estado163

   33 VarBody: COMMA ID .
   34        | COMMA ID . VarBody

    COMMA  fazer shift, e ir para o estado 130

    $default  reduzir usando a regra 33 (VarBody)

    VarBody  ir para o estado 176


Estado164

   32 VarDecl: Type ID VarBody SEMI .

    $default  reduzir usando a regra 32 (VarDecl)


Estado165

   28 ParamDecl: STRING OSQUARE CSQUARE ID .

    $default  reduzir usando a regra 28 (ParamDecl)


Estado166

   29 CommaTypeID: COMMA Type . ID
   30            | COMMA Type . ID CommaTypeID

    ID  fazer shift, e ir para o estado 177


Estado167

   59 CommaExpr: COMMA Expr .

    $default  reduzir usando a regra 59 (CommaExpr)


Estado168

   57 MethodInvocation: ID OCURV Expr CommaExpr CCURV .

    $default  reduzir usando a regra 57 (MethodInvocation)


Estado169

   60 CommaExpr: CommaExpr COMMA . Expr

    REALLIT   fazer shift, e ir para o estado 64
    DECLIT    fazer shift, e ir para o estado 65
    BOOLLIT   fazer shift, e ir para o estado 66
    ID        fazer shift, e ir para o estado 67
    PARSEINT  fazer shift, e ir para o estado 34
    OCURV     fazer shift, e ir para o estado 68
    PLUS      fazer shift, e ir para o estado 69
    MINUS     fazer shift, e ir para o estado 70
    NOT       fazer shift, e ir para o estado 71

    Assignment        ir para o estado 73
    MethodInvocation  ir para o estado 74
    ParseArgs         ir para o estado 75
    Expr              ir para o estado 178
    ExprAux           ir para o estado 77


Estado170

   42 Statement: DO Statement WHILE OCURV Expr . CCURV SEMI

    CCURV  fazer shift, e ir para o estado 179


Estado171

   39 Statement: IF OCURV Expr CCURV Statement .
   40          | IF OCURV Expr CCURV Statement . ELSE Statement

    ELSE  fazer shift, e ir para o estado 180

    $default  reduzir usando a regra 39 (Statement)


Estado172

   61 ParseArgs: PARSEINT OCURV ID OSQUARE Expr . CSQUARE CCURV

    CSQUARE  fazer shift, e ir para o estado 181


Estado173

   44 Statement: PRINT OCURV STRLIT CCURV SEMI .

    $default  reduzir usando a regra 44 (Statement)


Estado174

   43 Statement: PRINT OCURV Expr CCURV SEMI .

    $default  reduzir usando a regra 43 (Statement)


Estado175

   41 Statement: WHILE OCURV Expr CCURV Statement .

    $default  reduzir usando a regra 41 (Statement)


Estado176

   34 VarBody: COMMA ID VarBody .

    $default  reduzir usando a regra 34 (VarBody)


Estado177

   29 CommaTypeID: COMMA Type ID .
   30            | COMMA Type ID . CommaTypeID

    COMMA  fazer shift, e ir para o estado 135

    $default  reduzir usando a regra 29 (CommaTypeID)

    CommaTypeID  ir para o estado 182


Estado178

   60 CommaExpr: CommaExpr COMMA Expr .

    $default  reduzir usando a regra 60 (CommaExpr)


Estado179

   42 Statement: DO Statement WHILE OCURV Expr CCURV . SEMI

    SEMI  fazer shift, e ir para o estado 183


Estado180

   40 Statement: IF OCURV Expr CCURV Statement ELSE . Statement

    error     fazer shift, e ir para o estado 30
    ID        fazer shift, e ir para o estado 31
    DO        fazer shift, e ir para o estado 32
    IF        fazer shift, e ir para o estado 33
    PARSEINT  fazer shift, e ir para o estado 34
    PRINT     fazer shift, e ir para o estado 35
    RETURN    fazer shift, e ir para o estado 36
    WHILE     fazer shift, e ir para o estado 37
    OBRACE    fazer shift, e ir para o estado 38
    SEMI      fazer shift, e ir para o estado 40

    Statement         ir para o estado 184
    Assignment        ir para o estado 45
    MethodInvocation  ir para o estado 46
    ParseArgs         ir para o estado 47


Estado181

   61 ParseArgs: PARSEINT OCURV ID OSQUARE Expr CSQUARE . CCURV

    CCURV  fazer shift, e ir para o estado 185


Estado182

   30 CommaTypeID: COMMA Type ID CommaTypeID .

    $default  reduzir usando a regra 30 (CommaTypeID)


Estado183

   42 Statement: DO Statement WHILE OCURV Expr CCURV SEMI .

    $default  reduzir usando a regra 42 (Statement)


Estado184

   40 Statement: IF OCURV Expr CCURV Statement ELSE Statement .

    $default  reduzir usando a regra 40 (Statement)


Estado185

   61 ParseArgs: PARSEINT OCURV ID OSQUARE Expr CSQUARE CCURV .

    $default  reduzir usando a regra 61 (ParseArgs)
